Build started 7/28/2015 3:20:12 PM.
     1>Project "C:\Users\Qbz\swole_team_6\GraphicPrototype2\GraphicPrototype2\GraphicPrototype2.vcxproj" on node 2 (Build target(s)).
     1>ClCompile:
         E:\Programs\VStudio\VC\bin\CL.exe /c /ZI /nologo /W3 /WX- /sdl /Od /Oy- /D _MBCS /Gm /EHsc /RTC1 /MDd /GS /fp:precise /Zc:wchar_t /Zc:forScope /Fo"Debug\\" /Fd"Debug\vc120.pdb" /Gd /TP /analyze- /errorReport:prompt Camera.cpp main.cpp
         Camera.cpp
         Generating Code...
         Compiling...
         main.cpp
         Generating Code...
     1>c:\users\qbz\swole_team_6\graphicprototype2\graphicprototype2\main.cpp(149): warning C4715: 'WinProc' : not all control paths return a value
       Link:
         E:\Programs\VStudio\VC\bin\link.exe /ERRORREPORT:PROMPT /OUT:"C:\Users\Qbz\swole_team_6\GraphicPrototype2\Debug\GraphicPrototype2.exe" /INCREMENTAL /NOLOGO opengl32.lib glew32s.lib SOIL.lib kernel32.lib user32.lib gdi32.lib winspool.lib comdlg32.lib advapi32.lib shell32.lib ole32.lib oleaut32.lib uuid.lib odbc32.lib odbccp32.lib /MANIFEST /MANIFESTUAC:"level='asInvoker' uiAccess='false'" /manifest:embed /DEBUG /PDB:"C:\Users\Qbz\swole_team_6\GraphicPrototype2\Debug\GraphicPrototype2.pdb" /TLBID:1 /DYNAMICBASE /NXCOMPAT /IMPLIB:"C:\Users\Qbz\swole_team_6\GraphicPrototype2\Debug\GraphicPrototype2.lib" /MACHINE:X86 Debug\Camera.obj
         Debug\Graphics.obj
         Debug\main.obj
         Debug\Shader.obj
         Debug\Sprite.obj
         Debug\Testing.obj
         Debug\Texture.obj
         GraphicPrototype2.vcxproj -> C:\Users\Qbz\swole_team_6\GraphicPrototype2\Debug\GraphicPrototype2.exe
     1>Done Building Project "C:\Users\Qbz\swole_team_6\GraphicPrototype2\GraphicPrototype2\GraphicPrototype2.vcxproj" (Build target(s)).

Build succeeded.

Time Elapsed 00:00:02.00
